\begin{figure}[!ht]
\begin{center}
\subfigure{
\includegraphics[width=2cm]{models/images/selected/success/1/1_43_1_Predictor_GRU_128_1_SAMPLES.png}
}
\subfigure{
\includegraphics[width=2cm]{models/images/selected/success/1/1_43_1_Predictor_GRU_32_1_SAMPLES.png}
}
\subfigure{
\includegraphics[width=2cm]{models/images/selected/success/1/1_43_1_Predictor_GRU_32_3_SAMPLES.png}
}
\subfigure{
\includegraphics[width=2cm]{models/images/selected/success/1/1_43_1_Predictor_GRU_64_1_SAMPLES.png}
}
\\
\caption{1 pixel predictions (Successful category) with cross entropy. Models arranged column-wise starting from single layer with 32 units, 3-layer with 32 units, single layer with 64 units, and single layer with 128 units.}
\end{center}
\end{figure}
\begin{figure}[!ht]
\begin{center}
\subfigure{
\includegraphics[width=2cm]{models/images/selected/success/10/10_43_1_Predictor_GRU_128_1_SAMPLES.png}
}
\subfigure{
\includegraphics[width=2cm]{models/images/selected/success/10/10_43_1_Predictor_GRU_32_1_SAMPLES.png}
}
\subfigure{
\includegraphics[width=2cm]{models/images/selected/success/10/10_43_1_Predictor_GRU_32_3_SAMPLES.png}
}
\subfigure{
\includegraphics[width=2cm]{models/images/selected/success/10/10_43_1_Predictor_GRU_64_1_SAMPLES.png}
}
\\
\subfigure{
\includegraphics[width=2cm]{models/images/selected/success/10/10_43_2_Predictor_GRU_128_1_SAMPLES.png}
}
\subfigure{
\includegraphics[width=2cm]{models/images/selected/success/10/10_43_2_Predictor_GRU_32_1_SAMPLES.png}
}
\subfigure{
\includegraphics[width=2cm]{models/images/selected/success/10/10_43_2_Predictor_GRU_32_3_SAMPLES.png}
}
\subfigure{
\includegraphics[width=2cm]{models/images/selected/success/10/10_43_2_Predictor_GRU_64_1_SAMPLES.png}
}
\\
\subfigure{
\includegraphics[width=2cm]{models/images/selected/success/10/10_43_3_Predictor_GRU_128_1_SAMPLES.png}
}
\subfigure{
\includegraphics[width=2cm]{models/images/selected/success/10/10_43_3_Predictor_GRU_32_1_SAMPLES.png}
}
\subfigure{
\includegraphics[width=2cm]{models/images/selected/success/10/10_43_3_Predictor_GRU_32_3_SAMPLES.png}
}
\subfigure{
\includegraphics[width=2cm]{models/images/selected/success/10/10_43_3_Predictor_GRU_64_1_SAMPLES.png}
}
\\
\subfigure{
\includegraphics[width=2cm]{models/images/selected/success/10/10_43_4_Predictor_GRU_128_1_SAMPLES.png}
}
\subfigure{
\includegraphics[width=2cm]{models/images/selected/success/10/10_43_4_Predictor_GRU_32_1_SAMPLES.png}
}
\subfigure{
\includegraphics[width=2cm]{models/images/selected/success/10/10_43_4_Predictor_GRU_32_3_SAMPLES.png}
}
\subfigure{
\includegraphics[width=2cm]{models/images/selected/success/10/10_43_4_Predictor_GRU_64_1_SAMPLES.png}
}
\\
\subfigure{
\includegraphics[width=2cm]{models/images/selected/success/10/10_43_5_Predictor_GRU_128_1_SAMPLES.png}
}
\subfigure{
\includegraphics[width=2cm]{models/images/selected/success/10/10_43_5_Predictor_GRU_32_1_SAMPLES.png}
}
\subfigure{
\includegraphics[width=2cm]{models/images/selected/success/10/10_43_5_Predictor_GRU_32_3_SAMPLES.png}
}
\subfigure{
\includegraphics[width=2cm]{models/images/selected/success/10/10_43_5_Predictor_GRU_64_1_SAMPLES.png}
}
\\
\caption{10 pixel predictions (Successful category) with cross entropy. Models arranged column-wise starting from single layer with 32 units, 3-layer with 32 units, single layer with 64 units, and single layer with 128 units.}
\end{center}
\end{figure}
\begin{figure}[!ht]
\begin{center}
\subfigure{
\includegraphics[width=2cm]{models/images/selected/success/28/28_43_1_Predictor_GRU_128_1_SAMPLES.png}
}
\subfigure{
\includegraphics[width=2cm]{models/images/selected/success/28/28_43_1_Predictor_GRU_32_1_SAMPLES.png}
}
\subfigure{
\includegraphics[width=2cm]{models/images/selected/success/28/28_43_1_Predictor_GRU_32_3_SAMPLES.png}
}
\subfigure{
\includegraphics[width=2cm]{models/images/selected/success/28/28_43_1_Predictor_GRU_64_1_SAMPLES.png}
}
\\
\subfigure{
\includegraphics[width=2cm]{models/images/selected/success/28/28_43_2_Predictor_GRU_128_1_SAMPLES.png}
}
\subfigure{
\includegraphics[width=2cm]{models/images/selected/success/28/28_43_2_Predictor_GRU_32_1_SAMPLES.png}
}
\subfigure{
\includegraphics[width=2cm]{models/images/selected/success/28/28_43_2_Predictor_GRU_32_3_SAMPLES.png}
}
\subfigure{
\includegraphics[width=2cm]{models/images/selected/success/28/28_43_2_Predictor_GRU_64_1_SAMPLES.png}
}
\\
\subfigure{
\includegraphics[width=2cm]{models/images/selected/success/28/28_43_3_Predictor_GRU_128_1_SAMPLES.png}
}
\subfigure{
\includegraphics[width=2cm]{models/images/selected/success/28/28_43_3_Predictor_GRU_32_1_SAMPLES.png}
}
\subfigure{
\includegraphics[width=2cm]{models/images/selected/success/28/28_43_3_Predictor_GRU_32_3_SAMPLES.png}
}
\subfigure{
\includegraphics[width=2cm]{models/images/selected/success/28/28_43_3_Predictor_GRU_64_1_SAMPLES.png}
}
\\
\subfigure{
\includegraphics[width=2cm]{models/images/selected/success/28/28_43_4_Predictor_GRU_128_1_SAMPLES.png}
}
\subfigure{
\includegraphics[width=2cm]{models/images/selected/success/28/28_43_4_Predictor_GRU_32_1_SAMPLES.png}
}
\subfigure{
\includegraphics[width=2cm]{models/images/selected/success/28/28_43_4_Predictor_GRU_32_3_SAMPLES.png}
}
\subfigure{
\includegraphics[width=2cm]{models/images/selected/success/28/28_43_4_Predictor_GRU_64_1_SAMPLES.png}
}
\\
\subfigure{
\includegraphics[width=2cm]{models/images/selected/success/28/28_43_5_Predictor_GRU_128_1_SAMPLES.png}
}
\subfigure{
\includegraphics[width=2cm]{models/images/selected/success/28/28_43_5_Predictor_GRU_32_1_SAMPLES.png}
}
\subfigure{
\includegraphics[width=2cm]{models/images/selected/success/28/28_43_5_Predictor_GRU_32_3_SAMPLES.png}
}
\subfigure{
\includegraphics[width=2cm]{models/images/selected/success/28/28_43_5_Predictor_GRU_64_1_SAMPLES.png}
}
\\
\caption{28 pixel predictions (Successful category) with cross entropy. Models arranged column-wise starting from single layer with 32 units, 3-layer with 32 units, single layer with 64 units, and single layer with 128 units.}
\end{center}
\end{figure}
\begin{figure}[!ht]
\begin{center}
\subfigure{
\includegraphics[width=2cm]{models/images/selected/success/300/300_43_10_Predictor_GRU_128_1_SAMPLES.png}
}
\subfigure{
\includegraphics[width=2cm]{models/images/selected/success/300/300_43_2_Predictor_GRU_128_1_SAMPLES.png}
}
\subfigure{
\includegraphics[width=2cm]{models/images/selected/success/300/300_43_2_Predictor_GRU_32_1_SAMPLES.png}
}
\subfigure{
\includegraphics[width=2cm]{models/images/selected/success/300/300_43_2_Predictor_GRU_32_3_SAMPLES.png}
}
\\
\subfigure{
\includegraphics[width=2cm]{models/images/selected/success/300/300_43_2_Predictor_GRU_64_1_SAMPLES.png}
}
\subfigure{
\includegraphics[width=2cm]{models/images/selected/success/300/300_43_4_Predictor_GRU_128_1_SAMPLES.png}
}
\subfigure{
\includegraphics[width=2cm]{models/images/selected/success/300/300_43_4_Predictor_GRU_32_1_SAMPLES.png}
}
\subfigure{
\includegraphics[width=2cm]{models/images/selected/success/300/300_43_4_Predictor_GRU_32_3_SAMPLES.png}
}
\\
\subfigure{
\includegraphics[width=2cm]{models/images/selected/success/300/300_43_4_Predictor_GRU_64_1_SAMPLES.png}
}
\subfigure{
\includegraphics[width=2cm]{models/images/selected/success/300/300_43_5_Predictor_GRU_128_1_SAMPLES.png}
}
\subfigure{
\includegraphics[width=2cm]{models/images/selected/success/300/300_43_5_Predictor_GRU_32_1_SAMPLES.png}
}
\subfigure{
\includegraphics[width=2cm]{models/images/selected/success/300/300_43_5_Predictor_GRU_32_3_SAMPLES.png}
}
\\
\subfigure{
\includegraphics[width=2cm]{models/images/selected/success/300/300_43_5_Predictor_GRU_64_1_SAMPLES.png}
}
\subfigure{
\includegraphics[width=2cm]{models/images/selected/success/300/300_43_6_Predictor_GRU_128_1_SAMPLES.png}
}
\subfigure{
\includegraphics[width=2cm]{models/images/selected/success/300/300_43_6_Predictor_GRU_32_1_SAMPLES.png}
}
\subfigure{
\includegraphics[width=2cm]{models/images/selected/success/300/300_43_6_Predictor_GRU_32_3_SAMPLES.png}
}
\\
\subfigure{
\includegraphics[width=2cm]{models/images/selected/success/300/300_43_6_Predictor_GRU_64_1_SAMPLES.png}
}
\subfigure{
\includegraphics[width=2cm]{models/images/selected/success/300/300_43_7_Predictor_GRU_32_1_SAMPLES.png}
}
\subfigure{
\includegraphics[width=2cm]{models/images/selected/success/300/300_43_7_Predictor_GRU_32_3_SAMPLES.png}
}
\subfigure{
\includegraphics[width=2cm]{models/images/selected/success/300/300_43_7_Predictor_GRU_64_1_SAMPLES.png}
}
\\
\caption{300 pixel predictions (Successful category) with cross entropy. Models arranged column-wise starting from single layer with 32 units, 3-layer with 32 units, single layer with 64 units, and single layer with 128 units.}
\end{center}
\end{figure}
\begin{figure}[!ht]
\begin{center}
\subfigure[1 pixel]{
\includegraphics[width=2cm]{models/images/selected/success/gt/1.png}
}
\subfigure[10 pixels]{
\includegraphics[width=2cm]{models/images/selected/success/gt/10.png}
}
\subfigure[28 pixels]{
\includegraphics[width=2cm]{models/images/selected/success/gt/28.png}
}
\subfigure[300 pixels]{
\includegraphics[width=2cm]{models/images/selected/success/gt/300.png}
}
\\
\caption{Ground truths (Successful category). Cross entropy is to be ignored here.}
\end{center}
\end{figure}
\begin{figure}[!ht]
\begin{center}
\subfigure{
\includegraphics[width=2cm]{models/images/selected/failure/1/1_83_1_Predictor_GRU_128_1_SAMPLES.png}
}
\subfigure{
\includegraphics[width=2cm]{models/images/selected/failure/1/1_83_1_Predictor_GRU_32_1_SAMPLES.png}
}
\subfigure{
\includegraphics[width=2cm]{models/images/selected/failure/1/1_83_1_Predictor_GRU_32_3_SAMPLES.png}
}
\subfigure{
\includegraphics[width=2cm]{models/images/selected/failure/1/1_83_1_Predictor_GRU_64_1_SAMPLES.png}
}
\\
\caption{1 pixel predictions (Failure category) with cross entropy. Models arranged column-wise starting from single layer with 32 units, 3-layer with 32 units, single layer with 64 units, and single layer with 128 units.}
\end{center}
\end{figure}
\begin{figure}[!ht]
\begin{center}
\subfigure{
\includegraphics[width=2cm]{models/images/selected/failure/10/10_83_1_Predictor_GRU_128_1_SAMPLES.png}
}
\subfigure{
\includegraphics[width=2cm]{models/images/selected/failure/10/10_83_1_Predictor_GRU_32_1_SAMPLES.png}
}
\subfigure{
\includegraphics[width=2cm]{models/images/selected/failure/10/10_83_1_Predictor_GRU_32_3_SAMPLES.png}
}
\subfigure{
\includegraphics[width=2cm]{models/images/selected/failure/10/10_83_1_Predictor_GRU_64_1_SAMPLES.png}
}
\\
\subfigure{
\includegraphics[width=2cm]{models/images/selected/failure/10/10_83_2_Predictor_GRU_128_1_SAMPLES.png}
}
\subfigure{
\includegraphics[width=2cm]{models/images/selected/failure/10/10_83_2_Predictor_GRU_32_1_SAMPLES.png}
}
\subfigure{
\includegraphics[width=2cm]{models/images/selected/failure/10/10_83_2_Predictor_GRU_32_3_SAMPLES.png}
}
\subfigure{
\includegraphics[width=2cm]{models/images/selected/failure/10/10_83_2_Predictor_GRU_64_1_SAMPLES.png}
}
\\
\subfigure{
\includegraphics[width=2cm]{models/images/selected/failure/10/10_83_3_Predictor_GRU_128_1_SAMPLES.png}
}
\subfigure{
\includegraphics[width=2cm]{models/images/selected/failure/10/10_83_3_Predictor_GRU_32_1_SAMPLES.png}
}
\subfigure{
\includegraphics[width=2cm]{models/images/selected/failure/10/10_83_3_Predictor_GRU_32_3_SAMPLES.png}
}
\subfigure{
\includegraphics[width=2cm]{models/images/selected/failure/10/10_83_3_Predictor_GRU_64_1_SAMPLES.png}
}
\\
\subfigure{
\includegraphics[width=2cm]{models/images/selected/failure/10/10_83_4_Predictor_GRU_128_1_SAMPLES.png}
}
\subfigure{
\includegraphics[width=2cm]{models/images/selected/failure/10/10_83_4_Predictor_GRU_32_1_SAMPLES.png}
}
\subfigure{
\includegraphics[width=2cm]{models/images/selected/failure/10/10_83_4_Predictor_GRU_32_3_SAMPLES.png}
}
\subfigure{
\includegraphics[width=2cm]{models/images/selected/failure/10/10_83_4_Predictor_GRU_64_1_SAMPLES.png}
}
\\
\subfigure{
\includegraphics[width=2cm]{models/images/selected/failure/10/10_83_6_Predictor_GRU_128_1_SAMPLES.png}
}
\subfigure{
\includegraphics[width=2cm]{models/images/selected/failure/10/10_83_6_Predictor_GRU_32_1_SAMPLES.png}
}
\subfigure{
\includegraphics[width=2cm]{models/images/selected/failure/10/10_83_6_Predictor_GRU_32_3_SAMPLES.png}
}
\subfigure{
\includegraphics[width=2cm]{models/images/selected/failure/10/10_83_6_Predictor_GRU_64_1_SAMPLES.png}
}
\\
\caption{10 pixel predictions (Failure category) with cross entropy. Models arranged column-wise starting from single layer with 32 units, 3-layer with 32 units, single layer with 64 units, and single layer with 128 units.}
\end{center}
\end{figure}
\begin{figure}[!ht]
\begin{center}
\subfigure{
\includegraphics[width=2cm]{models/images/selected/failure/28/28_83_1_Predictor_GRU_128_1_SAMPLES.png}
}
\subfigure{
\includegraphics[width=2cm]{models/images/selected/failure/28/28_83_1_Predictor_GRU_32_1_SAMPLES.png}
}
\subfigure{
\includegraphics[width=2cm]{models/images/selected/failure/28/28_83_1_Predictor_GRU_32_3_SAMPLES.png}
}
\subfigure{
\includegraphics[width=2cm]{models/images/selected/failure/28/28_83_1_Predictor_GRU_64_1_SAMPLES.png}
}
\\
\subfigure{
\includegraphics[width=2cm]{models/images/selected/failure/28/28_83_2_Predictor_GRU_128_1_SAMPLES.png}
}
\subfigure{
\includegraphics[width=2cm]{models/images/selected/failure/28/28_83_2_Predictor_GRU_32_1_SAMPLES.png}
}
\subfigure{
\includegraphics[width=2cm]{models/images/selected/failure/28/28_83_2_Predictor_GRU_32_3_SAMPLES.png}
}
\subfigure{
\includegraphics[width=2cm]{models/images/selected/failure/28/28_83_2_Predictor_GRU_64_1_SAMPLES.png}
}
\\
\subfigure{
\includegraphics[width=2cm]{models/images/selected/failure/28/28_83_3_Predictor_GRU_128_1_SAMPLES.png}
}
\subfigure{
\includegraphics[width=2cm]{models/images/selected/failure/28/28_83_3_Predictor_GRU_32_1_SAMPLES.png}
}
\subfigure{
\includegraphics[width=2cm]{models/images/selected/failure/28/28_83_3_Predictor_GRU_32_3_SAMPLES.png}
}
\subfigure{
\includegraphics[width=2cm]{models/images/selected/failure/28/28_83_3_Predictor_GRU_64_1_SAMPLES.png}
}
\\
\subfigure{
\includegraphics[width=2cm]{models/images/selected/failure/28/28_83_4_Predictor_GRU_128_1_SAMPLES.png}
}
\subfigure{
\includegraphics[width=2cm]{models/images/selected/failure/28/28_83_4_Predictor_GRU_32_1_SAMPLES.png}
}
\subfigure{
\includegraphics[width=2cm]{models/images/selected/failure/28/28_83_4_Predictor_GRU_32_3_SAMPLES.png}
}
\subfigure{
\includegraphics[width=2cm]{models/images/selected/failure/28/28_83_4_Predictor_GRU_64_1_SAMPLES.png}
}
\\
\subfigure{
\includegraphics[width=2cm]{models/images/selected/failure/28/28_83_6_Predictor_GRU_128_1_SAMPLES.png}
}
\subfigure{
\includegraphics[width=2cm]{models/images/selected/failure/28/28_83_6_Predictor_GRU_32_1_SAMPLES.png}
}
\subfigure{
\includegraphics[width=2cm]{models/images/selected/failure/28/28_83_6_Predictor_GRU_32_3_SAMPLES.png}
}
\subfigure{
\includegraphics[width=2cm]{models/images/selected/failure/28/28_83_6_Predictor_GRU_64_1_SAMPLES.png}
}
\\
\caption{28 pixel predictions (Failure category) with cross entropy. Models arranged column-wise starting from single layer with 32 units, 3-layer with 32 units, single layer with 64 units, and single layer with 128 units.}
\end{center}
\end{figure}
\begin{figure}[!ht]
\begin{center}
\subfigure{
\includegraphics[width=2cm]{models/images/selected/failure/300/300_83_1_Predictor_GRU_128_1_SAMPLES.png}
}
\subfigure{
\includegraphics[width=2cm]{models/images/selected/failure/300/300_83_1_Predictor_GRU_32_1_SAMPLES.png}
}
\subfigure{
\includegraphics[width=2cm]{models/images/selected/failure/300/300_83_1_Predictor_GRU_32_3_SAMPLES.png}
}
\subfigure{
\includegraphics[width=2cm]{models/images/selected/failure/300/300_83_1_Predictor_GRU_64_1_SAMPLES.png}
}
\\
\subfigure{
\includegraphics[width=2cm]{models/images/selected/failure/300/300_83_2_Predictor_GRU_128_1_SAMPLES.png}
}
\subfigure{
\includegraphics[width=2cm]{models/images/selected/failure/300/300_83_2_Predictor_GRU_32_1_SAMPLES.png}
}
\subfigure{
\includegraphics[width=2cm]{models/images/selected/failure/300/300_83_2_Predictor_GRU_32_3_SAMPLES.png}
}
\subfigure{
\includegraphics[width=2cm]{models/images/selected/failure/300/300_83_2_Predictor_GRU_64_1_SAMPLES.png}
}
\\
\subfigure{
\includegraphics[width=2cm]{models/images/selected/failure/300/300_83_3_Predictor_GRU_128_1_SAMPLES.png}
}
\subfigure{
\includegraphics[width=2cm]{models/images/selected/failure/300/300_83_3_Predictor_GRU_32_1_SAMPLES.png}
}
\subfigure{
\includegraphics[width=2cm]{models/images/selected/failure/300/300_83_3_Predictor_GRU_32_3_SAMPLES.png}
}
\subfigure{
\includegraphics[width=2cm]{models/images/selected/failure/300/300_83_3_Predictor_GRU_64_1_SAMPLES.png}
}
\\
\subfigure{
\includegraphics[width=2cm]{models/images/selected/failure/300/300_83_4_Predictor_GRU_128_1_SAMPLES.png}
}
\subfigure{
\includegraphics[width=2cm]{models/images/selected/failure/300/300_83_4_Predictor_GRU_32_1_SAMPLES.png}
}
\subfigure{
\includegraphics[width=2cm]{models/images/selected/failure/300/300_83_4_Predictor_GRU_32_3_SAMPLES.png}
}
\subfigure{
\includegraphics[width=2cm]{models/images/selected/failure/300/300_83_4_Predictor_GRU_64_1_SAMPLES.png}
}
\\
\subfigure{
\includegraphics[width=2cm]{models/images/selected/failure/300/300_83_6_Predictor_GRU_128_1_SAMPLES.png}
}
\subfigure{
\includegraphics[width=2cm]{models/images/selected/failure/300/300_83_6_Predictor_GRU_32_1_SAMPLES.png}
}
\subfigure{
\includegraphics[width=2cm]{models/images/selected/failure/300/300_83_6_Predictor_GRU_32_3_SAMPLES.png}
}
\subfigure{
\includegraphics[width=2cm]{models/images/selected/failure/300/300_83_6_Predictor_GRU_64_1_SAMPLES.png}
}
\\
\caption{300 pixel predictions (Failure category) with cross entropy. Models arranged column-wise starting from single layer with 32 units, 3-layer with 32 units, single layer with 64 units, and single layer with 128 units.}
\end{center}
\end{figure}
\begin{figure}[!ht]
\begin{center}
\subfigure[1 pixel]{
\includegraphics[width=2cm]{models/images/selected/failure/gt/1.png}
}
\subfigure[10 pixels]{
\includegraphics[width=2cm]{models/images/selected/failure/gt/10.png}
}
\subfigure[28 pixels]{
\includegraphics[width=2cm]{models/images/selected/failure/gt/28.png}
}
\subfigure[300 pixels]{
\includegraphics[width=2cm]{models/images/selected/failure/gt/300.png}
}
\\
\caption{Ground truths (Failure category). Cross entropy is to be ignored here.}
\end{center}
\end{figure}
\begin{figure}[!ht]
\begin{center}
\subfigure{
\includegraphics[width=2cm]{models/images/selected/variance/1/1_73_1_Predictor_GRU_128_1_SAMPLES.png}
}
\subfigure{
\includegraphics[width=2cm]{models/images/selected/variance/1/1_73_1_Predictor_GRU_32_1_SAMPLES.png}
}
\subfigure{
\includegraphics[width=2cm]{models/images/selected/variance/1/1_73_1_Predictor_GRU_32_3_SAMPLES.png}
}
\subfigure{
\includegraphics[width=2cm]{models/images/selected/variance/1/1_73_1_Predictor_GRU_64_1_SAMPLES.png}
}
\\
\caption{1 pixel predictions (High variance category) with cross entropy. Models arranged column-wise starting from single layer with 32 units, 3-layer with 32 units, single layer with 64 units, and single layer with 128 units.}
\end{center}
\end{figure}
\begin{figure}[!ht]
\begin{center}
\subfigure{
\includegraphics[width=2cm]{models/images/selected/variance/10/10_73_1_Predictor_GRU_128_1_SAMPLES.png}
}
\subfigure{
\includegraphics[width=2cm]{models/images/selected/variance/10/10_73_1_Predictor_GRU_32_1_SAMPLES.png}
}
\subfigure{
\includegraphics[width=2cm]{models/images/selected/variance/10/10_73_1_Predictor_GRU_32_3_SAMPLES.png}
}
\subfigure{
\includegraphics[width=2cm]{models/images/selected/variance/10/10_73_1_Predictor_GRU_64_1_SAMPLES.png}
}
\\
\subfigure{
\includegraphics[width=2cm]{models/images/selected/variance/10/10_73_2_Predictor_GRU_128_1_SAMPLES.png}
}
\subfigure{
\includegraphics[width=2cm]{models/images/selected/variance/10/10_73_2_Predictor_GRU_32_1_SAMPLES.png}
}
\subfigure{
\includegraphics[width=2cm]{models/images/selected/variance/10/10_73_2_Predictor_GRU_32_3_SAMPLES.png}
}
\subfigure{
\includegraphics[width=2cm]{models/images/selected/variance/10/10_73_2_Predictor_GRU_64_1_SAMPLES.png}
}
\\
\subfigure{
\includegraphics[width=2cm]{models/images/selected/variance/10/10_73_3_Predictor_GRU_128_1_SAMPLES.png}
}
\subfigure{
\includegraphics[width=2cm]{models/images/selected/variance/10/10_73_3_Predictor_GRU_32_1_SAMPLES.png}
}
\subfigure{
\includegraphics[width=2cm]{models/images/selected/variance/10/10_73_3_Predictor_GRU_32_3_SAMPLES.png}
}
\subfigure{
\includegraphics[width=2cm]{models/images/selected/variance/10/10_73_3_Predictor_GRU_64_1_SAMPLES.png}
}
\\
\subfigure{
\includegraphics[width=2cm]{models/images/selected/variance/10/10_73_4_Predictor_GRU_128_1_SAMPLES.png}
}
\subfigure{
\includegraphics[width=2cm]{models/images/selected/variance/10/10_73_4_Predictor_GRU_32_1_SAMPLES.png}
}
\subfigure{
\includegraphics[width=2cm]{models/images/selected/variance/10/10_73_4_Predictor_GRU_32_3_SAMPLES.png}
}
\subfigure{
\includegraphics[width=2cm]{models/images/selected/variance/10/10_73_4_Predictor_GRU_64_1_SAMPLES.png}
}
\\
\subfigure{
\includegraphics[width=2cm]{models/images/selected/variance/10/10_73_5_Predictor_GRU_128_1_SAMPLES.png}
}
\subfigure{
\includegraphics[width=2cm]{models/images/selected/variance/10/10_73_5_Predictor_GRU_32_1_SAMPLES.png}
}
\subfigure{
\includegraphics[width=2cm]{models/images/selected/variance/10/10_73_5_Predictor_GRU_32_3_SAMPLES.png}
}
\subfigure{
\includegraphics[width=2cm]{models/images/selected/variance/10/10_73_5_Predictor_GRU_64_1_SAMPLES.png}
}
\\
\caption{10 pixel predictions (High variance category) with cross entropy. Models arranged column-wise starting from single layer with 32 units, 3-layer with 32 units, single layer with 64 units, and single layer with 128 units.}
\end{center}
\end{figure}
\begin{figure}[!ht]
\begin{center}
\subfigure{
\includegraphics[width=2cm]{models/images/selected/variance/28/28_73_1_Predictor_GRU_128_1_SAMPLES.png}
}
\subfigure{
\includegraphics[width=2cm]{models/images/selected/variance/28/28_73_1_Predictor_GRU_32_1_SAMPLES.png}
}
\subfigure{
\includegraphics[width=2cm]{models/images/selected/variance/28/28_73_1_Predictor_GRU_32_3_SAMPLES.png}
}
\subfigure{
\includegraphics[width=2cm]{models/images/selected/variance/28/28_73_1_Predictor_GRU_64_1_SAMPLES.png}
}
\\
\subfigure{
\includegraphics[width=2cm]{models/images/selected/variance/28/28_73_2_Predictor_GRU_128_1_SAMPLES.png}
}
\subfigure{
\includegraphics[width=2cm]{models/images/selected/variance/28/28_73_2_Predictor_GRU_32_1_SAMPLES.png}
}
\subfigure{
\includegraphics[width=2cm]{models/images/selected/variance/28/28_73_2_Predictor_GRU_32_3_SAMPLES.png}
}
\subfigure{
\includegraphics[width=2cm]{models/images/selected/variance/28/28_73_2_Predictor_GRU_64_1_SAMPLES.png}
}
\\
\subfigure{
\includegraphics[width=2cm]{models/images/selected/variance/28/28_73_3_Predictor_GRU_128_1_SAMPLES.png}
}
\subfigure{
\includegraphics[width=2cm]{models/images/selected/variance/28/28_73_3_Predictor_GRU_32_1_SAMPLES.png}
}
\subfigure{
\includegraphics[width=2cm]{models/images/selected/variance/28/28_73_3_Predictor_GRU_32_3_SAMPLES.png}
}
\subfigure{
\includegraphics[width=2cm]{models/images/selected/variance/28/28_73_3_Predictor_GRU_64_1_SAMPLES.png}
}
\\
\subfigure{
\includegraphics[width=2cm]{models/images/selected/variance/28/28_73_4_Predictor_GRU_128_1_SAMPLES.png}
}
\subfigure{
\includegraphics[width=2cm]{models/images/selected/variance/28/28_73_4_Predictor_GRU_32_1_SAMPLES.png}
}
\subfigure{
\includegraphics[width=2cm]{models/images/selected/variance/28/28_73_4_Predictor_GRU_32_3_SAMPLES.png}
}
\subfigure{
\includegraphics[width=2cm]{models/images/selected/variance/28/28_73_4_Predictor_GRU_64_1_SAMPLES.png}
}
\\
\subfigure{
\includegraphics[width=2cm]{models/images/selected/variance/28/28_73_5_Predictor_GRU_128_1_SAMPLES.png}
}
\subfigure{
\includegraphics[width=2cm]{models/images/selected/variance/28/28_73_5_Predictor_GRU_32_1_SAMPLES.png}
}
\subfigure{
\includegraphics[width=2cm]{models/images/selected/variance/28/28_73_5_Predictor_GRU_32_3_SAMPLES.png}
}
\subfigure{
\includegraphics[width=2cm]{models/images/selected/variance/28/28_73_5_Predictor_GRU_64_1_SAMPLES.png}
}
\\
\caption{28 pixel predictions (High variance category) with cross entropy. Models arranged column-wise starting from single layer with 32 units, 3-layer with 32 units, single layer with 64 units, and single layer with 128 units.}
\end{center}
\end{figure}
\begin{figure}[!ht]
\begin{center}
\subfigure{
\includegraphics[width=2cm]{models/images/selected/variance/300/300_73_2_Predictor_GRU_128_1_SAMPLES.png}
}
\subfigure{
\includegraphics[width=2cm]{models/images/selected/variance/300/300_73_2_Predictor_GRU_32_1_SAMPLES.png}
}
\subfigure{
\includegraphics[width=2cm]{models/images/selected/variance/300/300_73_2_Predictor_GRU_32_3_SAMPLES.png}
}
\subfigure{
\includegraphics[width=2cm]{models/images/selected/variance/300/300_73_2_Predictor_GRU_64_1_SAMPLES.png}
}
\\
\subfigure{
\includegraphics[width=2cm]{models/images/selected/variance/300/300_73_3_Predictor_GRU_128_1_SAMPLES.png}
}
\subfigure{
\includegraphics[width=2cm]{models/images/selected/variance/300/300_73_3_Predictor_GRU_32_1_SAMPLES.png}
}
\subfigure{
\includegraphics[width=2cm]{models/images/selected/variance/300/300_73_3_Predictor_GRU_32_3_SAMPLES.png}
}
\subfigure{
\includegraphics[width=2cm]{models/images/selected/variance/300/300_73_3_Predictor_GRU_64_1_SAMPLES.png}
}
\\
\subfigure{
\includegraphics[width=2cm]{models/images/selected/variance/300/300_73_6_Predictor_GRU_128_1_SAMPLES.png}
}
\subfigure{
\includegraphics[width=2cm]{models/images/selected/variance/300/300_73_6_Predictor_GRU_32_1_SAMPLES.png}
}
\subfigure{
\includegraphics[width=2cm]{models/images/selected/variance/300/300_73_6_Predictor_GRU_32_3_SAMPLES.png}
}
\subfigure{
\includegraphics[width=2cm]{models/images/selected/variance/300/300_73_6_Predictor_GRU_64_1_SAMPLES.png}
}
\\
\subfigure{
\includegraphics[width=2cm]{models/images/selected/variance/300/300_73_7_Predictor_GRU_128_1_SAMPLES.png}
}
\subfigure{
\includegraphics[width=2cm]{models/images/selected/variance/300/300_73_7_Predictor_GRU_32_1_SAMPLES.png}
}
\subfigure{
\includegraphics[width=2cm]{models/images/selected/variance/300/300_73_7_Predictor_GRU_32_3_SAMPLES.png}
}
\subfigure{
\includegraphics[width=2cm]{models/images/selected/variance/300/300_73_7_Predictor_GRU_64_1_SAMPLES.png}
}
\\
\subfigure{
\includegraphics[width=2cm]{models/images/selected/variance/300/300_73_9_Predictor_GRU_128_1_SAMPLES.png}
}
\subfigure{
\includegraphics[width=2cm]{models/images/selected/variance/300/300_73_9_Predictor_GRU_32_1_SAMPLES.png}
}
\subfigure{
\includegraphics[width=2cm]{models/images/selected/variance/300/300_73_9_Predictor_GRU_32_3_SAMPLES.png}
}
\subfigure{
\includegraphics[width=2cm]{models/images/selected/variance/300/300_73_9_Predictor_GRU_64_1_SAMPLES.png}
}
\\
\caption{300 pixel predictions (High variance category) with cross entropy. Models arranged column-wise starting from single layer with 32 units, 3-layer with 32 units, single layer with 64 units, and single layer with 128 units.}
\end{center}
\end{figure}
\begin{figure}[!ht]
\begin{center}
\subfigure[1 pixel]{
\includegraphics[width=2cm]{models/images/selected/variance/gt/1.png}
}
\subfigure[10 pixels]{
\includegraphics[width=2cm]{models/images/selected/variance/gt/10.png}
}
\subfigure[28 pixels]{
\includegraphics[width=2cm]{models/images/selected/variance/gt/28.png}
}
\subfigure[300 pixels]{
\includegraphics[width=2cm]{models/images/selected/variance/gt/300.png}
}
\\
\caption{Ground truths (High variance category). Cross entropy is to be ignored here.}
\end{center}
\end{figure}
\newpage
\begin{figure}[!ht]
\begin{center}
\subfigure{
\includegraphics[width=4cm]{figures/inpainting/one/sample_128_one_pixels_inpainting.png}
}
\subfigure{
\includegraphics[width=4cm]{figures/inpainting/one/sample_171_one_pixels_inpainting.png}
}
\subfigure{
\includegraphics[width=4cm]{figures/inpainting/one/sample_178_one_pixels_inpainting.png}
}
\\
\subfigure{
\includegraphics[width=4cm]{figures/inpainting/one/sample_182_one_pixels_inpainting.png}
}
\subfigure{
\includegraphics[width=4cm]{figures/inpainting/one/sample_186_one_pixels_inpainting.png}
}
\subfigure{
\includegraphics[width=4cm]{figures/inpainting/one/sample_214_one_pixels_inpainting.png}
}
\\
\subfigure{
\includegraphics[width=4cm]{figures/inpainting/one/sample_228_one_pixels_inpainting.png}
}
\subfigure{
\includegraphics[width=4cm]{figures/inpainting/one/sample_281_one_pixels_inpainting.png}
}
\subfigure{
\includegraphics[width=4cm]{figures/inpainting/one/sample_293_one_pixels_inpainting.png}
}
\\
\subfigure{
\includegraphics[width=4cm]{figures/inpainting/one/sample_413_one_pixels_inpainting.png}
}
\subfigure{
\includegraphics[width=4cm]{figures/inpainting/one/sample_43_one_pixels_inpainting.png}
}
\subfigure{
\includegraphics[width=4cm]{figures/inpainting/one/sample_506_one_pixels_inpainting.png}
}
\\
\subfigure{
\includegraphics[width=4cm]{figures/inpainting/one/sample_523_one_pixels_inpainting.png}
}
\subfigure{
\includegraphics[width=4cm]{figures/inpainting/one/sample_592_one_pixels_inpainting.png}
}
\subfigure{
\includegraphics[width=4cm]{figures/inpainting/one/sample_610_one_pixels_inpainting.png}
}
\\
\subfigure{
\includegraphics[width=4cm]{figures/inpainting/one/sample_69_one_pixels_inpainting.png}
}
\subfigure{
\includegraphics[width=4cm]{figures/inpainting/one/sample_76_one_pixels_inpainting.png}
}
\subfigure{
\includegraphics[width=4cm]{figures/inpainting/one/sample_77_one_pixels_inpainting.png}
}
\\
\subfigure{
\includegraphics[width=4cm]{figures/inpainting/one/sample_847_one_pixels_inpainting.png}
}
\subfigure{
\includegraphics[width=4cm]{figures/inpainting/one/sample_889_one_pixels_inpainting.png}
}
\caption{Samples of Masked image, ground truth, and in-paintings for one pixel}
\end{center}
\end{figure}
\newpage
\begin{figure}[!ht]
\begin{center}
\subfigure{
\includegraphics[width=4cm]{figures/inpainting/2x2/sample_124_2x2_pixels_inpainting.png}
}
\subfigure{
\includegraphics[width=4cm]{figures/inpainting/2x2/sample_148_2x2_pixels_inpainting.png}
}
\subfigure{
\includegraphics[width=4cm]{figures/inpainting/2x2/sample_151_2x2_pixels_inpainting.png}
}
\\
\subfigure{
\includegraphics[width=4cm]{figures/inpainting/2x2/sample_161_2x2_pixels_inpainting.png}
}
\subfigure{
\includegraphics[width=4cm]{figures/inpainting/2x2/sample_178_2x2_pixels_inpainting.png}
}
\subfigure{
\includegraphics[width=4cm]{figures/inpainting/2x2/sample_179_2x2_pixels_inpainting.png}
}
\\
\subfigure{
\includegraphics[width=4cm]{figures/inpainting/2x2/sample_182_2x2_pixels_inpainting.png}
}
\subfigure{
\includegraphics[width=4cm]{figures/inpainting/2x2/sample_218_2x2_pixels_inpainting.png}
}
\subfigure{
\includegraphics[width=4cm]{figures/inpainting/2x2/sample_260_2x2_pixels_inpainting.png}
}
\\
\subfigure{
\includegraphics[width=4cm]{figures/inpainting/2x2/sample_352_2x2_pixels_inpainting.png}
}
\subfigure{
\includegraphics[width=4cm]{figures/inpainting/2x2/sample_363_2x2_pixels_inpainting.png}
}
\subfigure{
\includegraphics[width=4cm]{figures/inpainting/2x2/sample_43_2x2_pixels_inpainting.png}
}
\\
\subfigure{
\includegraphics[width=4cm]{figures/inpainting/2x2/sample_528_2x2_pixels_inpainting.png}
}
\subfigure{
\includegraphics[width=4cm]{figures/inpainting/2x2/sample_606_2x2_pixels_inpainting.png}
}
\subfigure{
\includegraphics[width=4cm]{figures/inpainting/2x2/sample_654_2x2_pixels_inpainting.png}
}
\\
\subfigure{
\includegraphics[width=4cm]{figures/inpainting/2x2/sample_697_2x2_pixels_inpainting.png}
}
\subfigure{
\includegraphics[width=4cm]{figures/inpainting/2x2/sample_758_2x2_pixels_inpainting.png}
}
\subfigure{
\includegraphics[width=4cm]{figures/inpainting/2x2/sample_795_2x2_pixels_inpainting.png}
}
\\
\subfigure{
\includegraphics[width=4cm]{figures/inpainting/2x2/sample_831_2x2_pixels_inpainting.png}
}
\subfigure{
\includegraphics[width=4cm]{figures/inpainting/2x2/sample_975_2x2_pixels_inpainting.png}
}
\caption{Samples of Masked image, ground truth, and in-paintings for 2x2 image patch}
\end{center}
\end{figure}
